TN:
SF:/home/dimas735/Sber_main/C6_s21_matrix-2/src/matrix_test.c
FN:6,set_matrix
FNDA:58,set_matrix
FN:11,CREATTest01_fn
FNDA:1,CREATTest01_fn
FN:18,CREATTest02_fn
FNDA:1,CREATTest02_fn
FN:24,CREATTest03_fn
FNDA:1,CREATTest03_fn
FN:30,CREATTest04_fn
FNDA:1,CREATTest04_fn
FN:36,EQUALTest01_fn
FNDA:1,EQUALTest01_fn
FN:52,EQUALTest02_fn
FNDA:1,EQUALTest02_fn
FN:68,EQUALTest03_fn
FNDA:1,EQUALTest03_fn
FN:84,EQUALTest04_fn
FNDA:1,EQUALTest04_fn
FN:100,EQUALTest05_fn
FNDA:1,EQUALTest05_fn
FN:116,EQUALTest06_fn
FNDA:1,EQUALTest06_fn
FN:127,SUMTest01_fn
FNDA:1,SUMTest01_fn
FN:151,SUMTest02_fn
FNDA:1,SUMTest02_fn
FN:169,SUBTest01_fn
FNDA:1,SUBTest01_fn
FN:193,SUBTest02_fn
FNDA:1,SUBTest02_fn
FN:211,MULTNTest01_fn
FNDA:1,MULTNTest01_fn
FN:231,MULTNTest02_fn
FNDA:1,MULTNTest02_fn
FN:251,MULTMTest01_fn
FNDA:1,MULTMTest01_fn
FN:275,MULTMTest02_fn
FNDA:1,MULTMTest02_fn
FN:301,MULTMTest03_fn
FNDA:1,MULTMTest03_fn
FN:320,TRANSTest01_fn
FNDA:1,TRANSTest01_fn
FN:342,TRANSTest02_fn
FNDA:1,TRANSTest02_fn
FN:362,DETERTest01_fn
FNDA:1,DETERTest01_fn
FN:384,DETERTest02_fn
FNDA:1,DETERTest02_fn
FN:402,DETERTest03_fn
FNDA:1,DETERTest03_fn
FN:417,DETERTest04_fn
FNDA:1,DETERTest04_fn
FN:435,DETERTest05_fn
FNDA:1,DETERTest05_fn
FN:453,DETERTest06_fn
FNDA:1,DETERTest06_fn
FN:475,DETERTest07_fn
FNDA:1,DETERTest07_fn
FN:495,DETERTest08_fn
FNDA:1,DETERTest08_fn
FN:514,COMPLTest01_fn
FNDA:1,COMPLTest01_fn
FN:534,COMPLTest02_fn
FNDA:1,COMPLTest02_fn
FN:554,COMPLTest03_fn
FNDA:1,COMPLTest03_fn
FN:583,COMPLTest04_fn
FNDA:1,COMPLTest04_fn
FN:612,INVERSTest01_fn
FNDA:1,INVERSTest01_fn
FN:632,INVERSTest02_fn
FNDA:1,INVERSTest02_fn
FN:644,INVERSTest03_fn
FNDA:1,INVERSTest03_fn
FN:656,INVERSTest04_fn
FNDA:1,INVERSTest04_fn
FN:681,main
FNDA:38,main
DA:6,58
DA:7,239
DA:8,782
DA:9,58
DA:11,1
DA:13,1
DA:14,1
DA:15,1
DA:18,1
DA:20,1
DA:21,1
DA:24,1
DA:26,1
DA:27,1
DA:30,1
DA:32,1
DA:33,1
DA:36,1
DA:38,1
DA:39,1
DA:41,1
DA:42,1
DA:43,1
DA:44,1
DA:46,1
DA:47,1
DA:48,1
DA:49,1
DA:52,1
DA:54,1
DA:55,1
DA:57,1
DA:58,1
DA:59,1
DA:60,1
DA:62,1
DA:63,1
DA:64,1
DA:65,1
DA:68,1
DA:70,1
DA:71,1
DA:73,1
DA:74,1
DA:75,1
DA:76,1
DA:78,1
DA:79,1
DA:80,1
DA:81,1
DA:84,1
DA:86,1
DA:87,1
DA:89,1
DA:90,1
DA:91,1
DA:92,1
DA:94,1
DA:95,1
DA:96,1
DA:97,1
DA:100,1
DA:102,1
DA:103,1
DA:105,1
DA:106,1
DA:107,1
DA:108,1
DA:110,1
DA:111,1
DA:112,1
DA:113,1
DA:116,1
DA:118,1
DA:119,1
DA:121,1
DA:122,1
DA:123,1
DA:124,1
DA:127,1
DA:129,1
DA:130,1
DA:131,1
DA:133,1
DA:134,1
DA:135,1
DA:137,1
DA:138,1
DA:139,1
DA:141,1
DA:142,1
DA:144,1
DA:145,1
DA:146,1
DA:147,1
DA:148,1
DA:151,1
DA:153,1
DA:154,1
DA:156,1
DA:157,1
DA:159,1
DA:160,1
DA:162,1
DA:164,1
DA:165,1
DA:166,1
DA:169,1
DA:171,1
DA:172,1
DA:173,1
DA:175,1
DA:176,1
DA:177,1
DA:179,1
DA:180,1
DA:181,1
DA:183,1
DA:184,1
DA:186,1
DA:187,1
DA:188,1
DA:189,1
DA:190,1
DA:193,1
DA:195,1
DA:196,1
DA:198,1
DA:199,1
DA:201,1
DA:202,1
DA:204,1
DA:206,1
DA:207,1
DA:208,1
DA:211,1
DA:213,1
DA:214,1
DA:216,1
DA:217,1
DA:219,1
DA:220,1
DA:222,1
DA:223,1
DA:225,1
DA:226,1
DA:227,1
DA:228,1
DA:231,1
DA:233,1
DA:234,1
DA:236,1
DA:237,1
DA:239,1
DA:240,1
DA:242,1
DA:243,1
DA:245,1
DA:246,1
DA:247,1
DA:248,1
DA:251,1
DA:253,1
DA:254,1
DA:255,1
DA:257,1
DA:258,1
DA:259,1
DA:261,1
DA:262,1
DA:263,1
DA:265,1
DA:266,1
DA:268,1
DA:269,1
DA:270,1
DA:271,1
DA:272,1
DA:275,1
DA:277,1
DA:278,1
DA:279,1
DA:281,1
DA:283,1
DA:284,1
DA:287,1
DA:288,1
DA:289,1
DA:291,1
DA:292,1
DA:294,1
DA:295,1
DA:296,1
DA:297,1
DA:298,1
DA:301,1
DA:303,1
DA:304,1
DA:306,1
DA:308,1
DA:310,1
DA:311,1
DA:313,1
DA:315,1
DA:316,1
DA:317,1
DA:320,1
DA:322,1
DA:323,1
DA:325,1
DA:327,1
DA:330,1
DA:331,1
DA:333,1
DA:334,1
DA:336,1
DA:337,1
DA:338,1
DA:339,1
DA:342,1
DA:344,1
DA:345,1
DA:347,1
DA:348,1
DA:350,1
DA:351,1
DA:353,1
DA:354,1
DA:356,1
DA:357,1
DA:358,1
DA:359,1
DA:362,1
DA:364,1
DA:366,1
DA:372,1
DA:375,1
DA:377,1
DA:378,1
DA:380,1
DA:381,1
DA:384,1
DA:386,1
DA:388,1
DA:390,1
DA:393,1
DA:395,1
DA:396,1
DA:398,1
DA:399,1
DA:402,1
DA:404,1
DA:406,1
DA:408,1
DA:411,1
DA:413,1
DA:414,1
DA:417,1
DA:419,1
DA:421,1
DA:423,1
DA:426,1
DA:428,1
DA:429,1
DA:431,1
DA:432,1
DA:435,1
DA:437,1
DA:439,1
DA:441,1
DA:444,1
DA:446,1
DA:447,1
DA:449,1
DA:450,1
DA:453,1
DA:455,1
DA:457,1
DA:463,1
DA:466,1
DA:468,1
DA:469,1
DA:471,1
DA:472,1
DA:475,1
DA:477,1
DA:479,1
DA:483,1
DA:486,1
DA:488,1
DA:489,1
DA:491,1
DA:492,1
DA:495,1
DA:497,1
DA:499,1
DA:502,1
DA:505,1
DA:507,1
DA:508,1
DA:510,1
DA:511,1
DA:514,1
DA:516,1
DA:517,1
DA:519,1
DA:520,1
DA:522,1
DA:523,1
DA:525,1
DA:526,1
DA:528,1
DA:529,1
DA:530,1
DA:531,1
DA:534,1
DA:536,1
DA:537,1
DA:539,1
DA:540,1
DA:542,1
DA:543,1
DA:545,1
DA:546,1
DA:548,1
DA:549,1
DA:550,1
DA:551,1
DA:554,1
DA:556,1
DA:557,1
DA:559,1
DA:565,1
DA:571,1
DA:572,1
DA:574,1
DA:575,1
DA:577,1
DA:578,1
DA:579,1
DA:580,1
DA:583,1
DA:585,1
DA:586,1
DA:588,1
DA:594,1
DA:600,1
DA:601,1
DA:603,1
DA:604,1
DA:606,1
DA:607,1
DA:608,1
DA:609,1
DA:612,1
DA:614,1
DA:615,1
DA:617,1
DA:618,1
DA:620,1
DA:621,1
DA:623,1
DA:624,1
DA:626,1
DA:627,1
DA:628,1
DA:629,1
DA:632,1
DA:634,1
DA:636,1
DA:637,1
DA:638,1
DA:640,1
DA:641,1
DA:644,1
DA:646,1
DA:648,1
DA:649,1
DA:650,1
DA:652,1
DA:653,1
DA:656,1
DA:658,1
DA:659,1
DA:661,1
DA:663,1
DA:669,1
DA:670,1
DA:672,1
DA:673,1
DA:675,1
DA:676,1
DA:677,1
DA:678,1
DA:681,38
DA:683,38
DA:684,38
DA:685,38
DA:687,38
DA:688,38
DA:689,38
DA:690,38
DA:691,38
DA:693,38
DA:694,38
DA:695,38
DA:696,38
DA:697,38
DA:698,38
DA:700,38
DA:701,38
DA:703,38
DA:704,38
DA:706,38
DA:707,38
DA:709,38
DA:710,38
DA:711,38
DA:713,38
DA:714,38
DA:716,38
DA:717,38
DA:718,38
DA:719,38
DA:720,38
DA:721,38
DA:722,38
DA:723,38
DA:725,38
DA:726,38
DA:727,38
DA:728,38
DA:730,38
DA:731,38
DA:732,38
DA:733,38
DA:735,38
DA:736,1
DA:737,1
DA:739,1
end_of_record
TN:
SF:/home/dimas735/Sber_main/C6_s21_matrix-2/src/s21_matrix.c
FN:3,s21_create_matrix
FNDA:1750,s21_create_matrix
FN:20,s21_remove_matrix
FNDA:1747,s21_remove_matrix
FN:28,correct_matrix
FNDA:173,correct_matrix
FN:32,s21_eq_matrix
FNDA:20,s21_eq_matrix
FN:47,s21_sum_matrix
FNDA:2,s21_sum_matrix
FN:62,s21_sub_matrix
FNDA:2,s21_sub_matrix
FN:77,s21_mult_number
FNDA:4,s21_mult_number
FN:90,s21_mult_matrix
FNDA:3,s21_mult_matrix
FN:106,s21_transpose
FNDA:4,s21_transpose
FN:120,s21_calc_complements
FNDA:6,s21_calc_complements
FN:148,s21_determinant
FNDA:101,s21_determinant
FN:159,s21_inverse_matrix
FNDA:4,s21_inverse_matrix
FN:181,determinant_matrix
FNDA:1678,determinant_matrix
FN:203,matrix_minor
FNDA:1668,matrix_minor
DA:3,1750
DA:4,1750
DA:5,1750
DA:6,3
DA:8,1747
DA:9,1747
DA:10,1747
DA:11,1747
DA:12,0
DA:14,5930
DA:15,4183
DA:17,1750
DA:20,1747
DA:21,5930
DA:22,1747
DA:23,1747
DA:24,1747
DA:25,1747
DA:26,1747
DA:28,173
DA:29,173
DA:32,20
DA:33,20
DA:35,20
DA:37,20
DA:39,20
DA:40,80
DA:41,393
DA:42,331
DA:44,20
DA:47,2
DA:48,2
DA:49,2
DA:50,0
DA:51,2
DA:52,1
DA:54,1
DA:55,4
DA:56,12
DA:57,9
DA:59,2
DA:62,2
DA:63,2
DA:64,2
DA:65,0
DA:66,2
DA:67,1
DA:69,1
DA:70,4
DA:71,12
DA:72,9
DA:74,2
DA:77,4
DA:78,4
DA:79,4
DA:80,0
DA:82,4
DA:83,17
DA:84,56
DA:85,43
DA:87,4
DA:90,3
DA:91,3
DA:92,3
DA:93,0
DA:94,3
DA:95,1
DA:96,2
DA:97,0
DA:99,10
DA:100,27
DA:101,76
DA:102,57
DA:103,3
DA:106,4
DA:107,4
DA:108,4
DA:109,0
DA:110,4
DA:111,0
DA:113,21
DA:114,62
DA:115,45
DA:117,4
DA:120,6
DA:121,6
DA:122,6
DA:123,0
DA:124,6
DA:125,0
DA:127,6
DA:128,6
DA:129,0
DA:133,29
DA:134,116
DA:135,93
DA:136,93
DA:137,93
DA:138,93
DA:139,93
DA:140,93
DA:145,6
DA:148,101
DA:149,101
DA:150,101
DA:151,0
DA:152,101
DA:153,1
DA:155,100
DA:156,101
DA:159,4
DA:160,4
DA:161,4
DA:162,0
DA:163,4
DA:164,1
DA:166,3
DA:167,3
DA:168,1
DA:171,2
DA:172,2
DA:173,2
DA:174,2
DA:175,2
DA:178,4
DA:181,1678
DA:182,1678
DA:183,1678
DA:184,1
DA:185,1677
DA:186,1189
DA:187,1189
DA:189,488
DA:190,2063
DA:192,1575
DA:194,1575
DA:195,1575
DA:197,1575
DA:200,1678
DA:203,1668
DA:204,1668
DA:205,1668
DA:206,5586
DA:207,3918
DA:208,3918
DA:209,13716
DA:210,9798
DA:211,9798
DA:214,1668
end_of_record
